16829
16969
17109
17249
17369
18815
18897
18897
18897
18897
18897
18897
18899
18899
18899
18899
18899
18899
18899
18899
18899
18899
18899
18899
18899
18899
18899
18899
18899
18899
18899
18899
18899
18899
18899
18899
18899
18899
18899
18899
18899
18899
18899
18899
18899
18899
18899
18899
18899
18899
18899
18899
18899
18899
18899
18899
18899
18899
18899
18899
18899
18899
18899
19479
19679
19779
19959
20119
20299
20539
20719
20979
21039
21179
21259
21279
21459
21559
21679
21939
21979
21979
22199
22439
22439
27459
27459
27459
27459
27459
27459
27459
27459
27459
27459
27459
27459
27459
27459
27459
27459
27459
27459
27459
27459
27459
27459
27459
27459
27459
27459
27459
27459
27459
27459
27459
27459
27459
27459
27459
27459
27459
27459
27459
27459
27459
27459
27459
